[18:16:12.110] Global cache location '/Users/samuelbanya/Library/Caches/typescript/4.7', safe file path '/users/samuelbanya/.nvm/versions/node/v16.14.2/lib/node_modules/typescript/lib/typingsafelist.json', types map path /users/samuelbanya/.nvm/versions/node/v16.14.2/lib/node_modules/typescript/lib/typesmap.json
[18:16:12.112] Processing cache location '/Users/samuelbanya/Library/Caches/typescript/4.7'
[18:16:12.112] Trying to find '/Users/samuelbanya/Library/Caches/typescript/4.7/package.json'...
[18:16:12.114] Loaded content of '/Users/samuelbanya/Library/Caches/typescript/4.7/package.json': {"private":true,"dependencies":{"types-registry":"^0.1.601"},"devDependencies":{"@types/aria-query":"^5.0.0","@types/jest":"^28.1.4","@types/mocha":"^9.1.1","@types/node":"^18.0.0","@types/object-assign":"^4.0.30","@types/prop-types":"^15.7.5","@types/react":"^18.0.15","@types/react-dom":"^18.0.6","@types/react-router":"^5.1.18","@types/react-router-dom":"^5.3.3","@types/testing-library__jest-dom":"^5.14.5","@types/uuid":"^8.3.4"}}
[18:16:12.115] Loaded content of '/Users/samuelbanya/Library/Caches/typescript/4.7/package-lock.json'
[18:16:12.129] Adding entry into typings cache: 'aria-query' => '/Users/samuelbanya/Library/Caches/typescript/4.7/node_modules/@types/aria-query/index.d.ts'
[18:16:12.136] Adding entry into typings cache: 'jest' => '/Users/samuelbanya/Library/Caches/typescript/4.7/node_modules/@types/jest/index.d.ts'
[18:16:12.140] Adding entry into typings cache: 'mocha' => '/Users/samuelbanya/Library/Caches/typescript/4.7/node_modules/@types/mocha/index.d.ts'
[18:16:12.147] Adding entry into typings cache: 'node' => '/Users/samuelbanya/Library/Caches/typescript/4.7/node_modules/@types/node/index.d.ts'
[18:16:12.148] Adding entry into typings cache: 'object-assign' => '/Users/samuelbanya/Library/Caches/typescript/4.7/node_modules/@types/object-assign/index.d.ts'
[18:16:12.149] Adding entry into typings cache: 'prop-types' => '/Users/samuelbanya/Library/Caches/typescript/4.7/node_modules/@types/prop-types/index.d.ts'
[18:16:12.153] Adding entry into typings cache: 'react' => '/Users/samuelbanya/Library/Caches/typescript/4.7/node_modules/@types/react/index.d.ts'
[18:16:12.156] Adding entry into typings cache: 'react-dom' => '/Users/samuelbanya/Library/Caches/typescript/4.7/node_modules/@types/react-dom/index.d.ts'
[18:16:12.161] Adding entry into typings cache: 'react-router' => '/Users/samuelbanya/Library/Caches/typescript/4.7/node_modules/@types/react-router/index.d.ts'
[18:16:12.162] Adding entry into typings cache: 'react-router-dom' => '/Users/samuelbanya/Library/Caches/typescript/4.7/node_modules/@types/react-router-dom/index.d.ts'
[18:16:12.165] Adding entry into typings cache: 'testing-library__jest-dom' => '/Users/samuelbanya/Library/Caches/typescript/4.7/node_modules/@types/testing-library__jest-dom/index.d.ts'
[18:16:12.169] Adding entry into typings cache: 'uuid' => '/Users/samuelbanya/Library/Caches/typescript/4.7/node_modules/@types/uuid/index.d.ts'
[18:16:12.169] Finished processing cache location '/Users/samuelbanya/Library/Caches/typescript/4.7'
[18:16:12.170] Process id: 12680
[18:16:12.170] NPM location: /Users/samuelbanya/.nvm/versions/node/v16.14.2/bin/npm (explicit '--npmLocation' not  provided)
[18:16:12.170] validateDefaultNpmLocation: false
[18:16:12.170] Npm config file: /Users/samuelbanya/Library/Caches/typescript/4.7/package.json
[18:16:12.170] Updating types-registry npm package...
[18:16:12.171] Exec: /Users/samuelbanya/.nvm/versions/node/v16.14.2/bin/npm install --ignore-scripts types-registry@latest
[18:16:13.151]     Succeeded. stdout:
    
    up to date, audited 33 packages in 639ms

3 packages are looking for funding
  run `npm fund` for details

found 0 vulnerabilities

[18:16:13.151] Updated types-registry npm package
[18:16:13.834] Got install request {"projectName":"/dev/null/inferredProject1*","fileNames":["/Users/samuelbanya/.nvm/versions/node/v16.14.2/lib/node_modules/typescript/lib/lib.es5.d.ts","/Users/samuelbanya/.nvm/versions/node/v16.14.2/lib/node_modules/typescript/lib/lib.es2015.d.ts","/Users/samuelbanya/.nvm/versions/node/v16.14.2/lib/node_modules/typescript/lib/lib.es2016.d.ts","/Users/samuelbanya/.nvm/versions/node/v16.14.2/lib/node_modules/typescript/lib/lib.dom.d.ts","/Users/samuelbanya/.nvm/versions/node/v16.14.2/lib/node_modules/typescript/lib/lib.dom.iterable.d.ts","/Users/samuelbanya/.nvm/versions/node/v16.14.2/lib/node_modules/typescript/lib/lib.webworker.importscripts.d.ts","/Users/samuelbanya/.nvm/versions/node/v16.14.2/lib/node_modules/typescript/lib/lib.scripthost.d.ts","/Users/samuelbanya/.nvm/versions/node/v16.14.2/lib/node_modules/typescript/lib/lib.es2015.core.d.ts","/Users/samuelbanya/.nvm/versions/node/v16.14.2/lib/node_modules/typescript/lib/lib.es2015.collection.d.ts","/Users/samuelbanya/.nvm/versions/node/v16.14.2/lib/node_modules/typescript/lib/lib.es2015.generator.d.ts","/Users/samuelbanya/.nvm/versions/node/v16.14.2/lib/node_modules/typescript/lib/lib.es2015.iterable.d.ts","/Users/samuelbanya/.nvm/versions/node/v16.14.2/lib/node_modules/typescript/lib/lib.es2015.promise.d.ts","/Users/samuelbanya/.nvm/versions/node/v16.14.2/lib/node_modules/typescript/lib/lib.es2015.proxy.d.ts","/Users/samuelbanya/.nvm/versions/node/v16.14.2/lib/node_modules/typescript/lib/lib.es2015.reflect.d.ts","/Users/samuelbanya/.nvm/versions/node/v16.14.2/lib/node_modules/typescript/lib/lib.es2015.symbol.d.ts","/Users/samuelbanya/.nvm/versions/node/v16.14.2/lib/node_modules/typescript/lib/lib.es2015.symbol.wellknown.d.ts","/Users/samuelbanya/.nvm/versions/node/v16.14.2/lib/node_modules/typescript/lib/lib.es2016.array.include.d.ts","/Users/samuelbanya/.nvm/versions/node/v16.14.2/lib/node_modules/typescript/lib/lib.es2016.full.d.ts","/Users/samuelbanya/hub/Development/code/phase-2/react-hooks-react-router-routes-lab/src/components/NavBar.js","/Users/samuelbanya/hub/Development/code/phase-2/react-hooks-react-router-routes-lab/src/components/Home.js","/Users/samuelbanya/hub/Development/code/phase-2/react-hooks-react-router-routes-lab/src/data.js","/Users/samuelbanya/hub/Development/code/phase-2/react-hooks-react-router-routes-lab/src/components/Actors.js","/Users/samuelbanya/hub/Development/code/phase-2/react-hooks-react-router-routes-lab/src/components/Directors.js","/Users/samuelbanya/hub/Development/code/phase-2/react-hooks-react-router-routes-lab/src/components/Movies.js","/Users/samuelbanya/hub/Development/code/phase-2/react-hooks-react-router-routes-lab/src/components/App.js"],"compilerOptions":{"module":1,"target":3,"jsx":1,"allowJs":true,"allowSyntheticDefaultImports":true,"allowNonTsExtensions":true,"noEmitForJsFiles":true,"maxNodeModuleJsDepth":2},"typeAcquisition":{"enable":true,"include":[],"exclude":[]},"unresolvedImports":[],"projectRootPath":"/Users/samuelbanya/hub/Development/code/phase-2/react-hooks-react-router-routes-lab/src/components","kind":"discover"}
[18:16:13.842] Loaded safelist from types map file '/users/samuelbanya/.nvm/versions/node/v16.14.2/lib/node_modules/typescript/lib/typesmap.json'
[18:16:13.843] Explicitly included types: []
[18:16:13.844] Inferred typings from unresolved imports: []
[18:16:13.844] Result: {"cachedTypingPaths":[],"newTypingNames":[],"filesToWatch":["/Users/samuelbanya/hub/Development/code/phase-2/react-hooks-react-router-routes-lab/src/components/bower_components","/Users/samuelbanya/hub/Development/code/phase-2/react-hooks-react-router-routes-lab/src/components/node_modules","/Users/samuelbanya/hub/Development/code/phase-2/react-hooks-react-router-routes-lab/src/bower_components","/Users/samuelbanya/hub/Development/code/phase-2/react-hooks-react-router-routes-lab/src/node_modules"]}
[18:16:13.844] Finished typings discovery: {"cachedTypingPaths":[],"newTypingNames":[],"filesToWatch":["/Users/samuelbanya/hub/Development/code/phase-2/react-hooks-react-router-routes-lab/src/components/bower_components","/Users/samuelbanya/hub/Development/code/phase-2/react-hooks-react-router-routes-lab/src/components/node_modules","/Users/samuelbanya/hub/Development/code/phase-2/react-hooks-react-router-routes-lab/src/bower_components","/Users/samuelbanya/hub/Development/code/phase-2/react-hooks-react-router-routes-lab/src/node_modules"]}
[18:16:13.845] DirectoryWatcher:: Added:: WatchInfo: /Users/samuelbanya/hub/Development/code/phase-2/react-hooks-react-router-routes-lab/src/components/bower_components
[18:16:13.845] DirectoryWatcher:: Added:: WatchInfo: /Users/samuelbanya/hub/Development/code/phase-2/react-hooks-react-router-routes-lab/src/components/bower_components 1 undefined Project: /dev/null/inferredProject1* watcher already invoked: false
[18:16:13.846] Elapsed:: 0.8650720007717609ms DirectoryWatcher:: Added:: WatchInfo: /Users/samuelbanya/hub/Development/code/phase-2/react-hooks-react-router-routes-lab/src/components/bower_components 1 undefined Project: /dev/null/inferredProject1* watcher already invoked: false
[18:16:13.846] DirectoryWatcher:: Added:: WatchInfo: /Users/samuelbanya/hub/Development/code/phase-2/react-hooks-react-router-routes-lab/src/components/node_modules
[18:16:13.846] DirectoryWatcher:: Added:: WatchInfo: /Users/samuelbanya/hub/Development/code/phase-2/react-hooks-react-router-routes-lab/src/components/node_modules 1 undefined Project: /dev/null/inferredProject1* watcher already invoked: false
[18:16:13.847] Elapsed:: 0.07786699756979942ms DirectoryWatcher:: Added:: WatchInfo: /Users/samuelbanya/hub/Development/code/phase-2/react-hooks-react-router-routes-lab/src/components/node_modules 1 undefined Project: /dev/null/inferredProject1* watcher already invoked: false
[18:16:13.847] DirectoryWatcher:: Added:: WatchInfo: /Users/samuelbanya/hub/Development/code/phase-2/react-hooks-react-router-routes-lab/src/bower_components
[18:16:13.847] DirectoryWatcher:: Added:: WatchInfo: /Users/samuelbanya/hub/Development/code/phase-2/react-hooks-react-router-routes-lab/src/bower_components 1 undefined Project: /dev/null/inferredProject1* watcher already invoked: false
[18:16:13.847] Elapsed:: 0.09321700036525726ms DirectoryWatcher:: Added:: WatchInfo: /Users/samuelbanya/hub/Development/code/phase-2/react-hooks-react-router-routes-lab/src/bower_components 1 undefined Project: /dev/null/inferredProject1* watcher already invoked: false
[18:16:13.847] DirectoryWatcher:: Added:: WatchInfo: /Users/samuelbanya/hub/Development/code/phase-2/react-hooks-react-router-routes-lab/src/node_modules
[18:16:13.847] DirectoryWatcher:: Added:: WatchInfo: /Users/samuelbanya/hub/Development/code/phase-2/react-hooks-react-router-routes-lab/src/node_modules 1 undefined Project: /dev/null/inferredProject1* watcher already invoked: false
[18:16:13.848] Elapsed:: 0.09097299724817276ms DirectoryWatcher:: Added:: WatchInfo: /Users/samuelbanya/hub/Development/code/phase-2/react-hooks-react-router-routes-lab/src/node_modules 1 undefined Project: /dev/null/inferredProject1* watcher already invoked: false
[18:16:13.848] Sending response:
    {"projectName":"/dev/null/inferredProject1*","typeAcquisition":{"enable":true,"include":[],"exclude":[]},"compilerOptions":{"module":1,"target":3,"jsx":1,"allowJs":true,"allowSyntheticDefaultImports":true,"allowNonTsExtensions":true,"noEmitForJsFiles":true,"maxNodeModuleJsDepth":2},"typings":[],"unresolvedImports":[],"kind":"action::set"}
[18:16:13.848] Response has been sent.
[18:16:13.848] No new typings were requested as a result of typings discovery
